<?xml version="1.0" encoding="UTF-8"?>
<!-- Generated by org.testng.reporters.JUnitXMLReporter -->
<testsuite ignored="2" hostname="LAPTOP-S4APPMN9" failures="1" tests="1" name="Default test(failed)" time="7.076" errors="0" timestamp="2023-01-13T18:39:06 IST">
  <testcase classname="TestCases.InventoryPageTest" name="verifyfacebookLogobtnTest" time="0.085">
    <failure type="java.lang.AssertionError" message="expected [false] but found [true]">
      <![CDATA[java.lang.AssertionError: expected [false] but found [true]
at TestCases.InventoryPageTest.verifyfacebookLogobtnTest(InventoryPageTest.java:68)
at java.base/java.util.ArrayList.forEach(ArrayList.java:1541)
... Removed 32 stack frames]]>
    </failure>
  </testcase> <!-- verifyfacebookLogobtnTest -->
  <testcase classname="TestCases.InventoryPageTest" name="verifylinkdinLogoBtnTest" time="0.0">
    <ignored/>
  </testcase> <!-- verifylinkdinLogoBtnTest -->
  <testcase classname="TestCases.InventoryPageTest" name="verifyfooterLogobtnTest" time="0.0">
    <ignored/>
  </testcase> <!-- verifyfooterLogobtnTest -->
</testsuite> <!-- Default test(failed) -->
