<?xml version="1.0" encoding="UTF-8"?>
<!-- Generated by org.testng.reporters.JUnitXMLReporter -->
<testsuite ignored="1" hostname="LAPTOP-S4APPMN9" failures="1" tests="2" name="Default test(failed)(failed)" time="20.277" errors="0" timestamp="2023-01-13T18:28:32 IST">
  <testcase classname="TestCases.InventoryPageTest" name="verifyfooterLogobtnTest" time="0.048"/>
  <testcase classname="TestCases.InventoryPageTest" name="verifyfacebookLogobtnTest" time="0.034">
    <failure type="java.lang.AssertionError" message="expected [false] but found [true]">
      <![CDATA[java.lang.AssertionError: expected [false] but found [true]
at TestCases.InventoryPageTest.verifyfacebookLogobtnTest(InventoryPageTest.java:68)
at java.base/java.util.ArrayList.forEach(ArrayList.java:1541)
... Removed 32 stack frames]]>
    </failure>
  </testcase> <!-- verifyfacebookLogobtnTest -->
  <testcase classname="TestCases.InventoryPageTest" name="verifylinkdinLogoBtnTest" time="0.0">
    <ignored/>
  </testcase> <!-- verifylinkdinLogoBtnTest -->
</testsuite> <!-- Default test(failed)(failed) -->
