<?xml version="1.0" encoding="UTF-8"?>
<!-- Generated by org.testng.reporters.JUnitXMLReporter -->
<testsuite ignored="4" hostname="LAPTOP-S4APPMN9" failures="2" tests="2" name="Test(failed)" time="29.08" errors="0" timestamp="2023-01-13T18:42:52 IST">
  <testcase classname="TestCases.InventoryPageTest" name="verifyfacebookLogobtnTest" time="0.045">
    <failure type="java.lang.AssertionError" message="expected [false] but found [true]">
      <![CDATA[java.lang.AssertionError: expected [false] but found [true]
at TestCases.InventoryPageTest.verifyfacebookLogobtnTest(InventoryPageTest.java:68)
at java.base/java.util.ArrayList.forEach(ArrayList.java:1541)
... Removed 32 stack frames]]>
    </failure>
  </testcase> <!-- verifyfacebookLogobtnTest -->
  <testcase classname="TestCases.LoginPageTest" name="verifyProductTitalTest" time="2.378">
    <failure type="java.lang.AssertionError" message="expected [PRODUC TS] but found [PRODUCTS]">
      <![CDATA[java.lang.AssertionError: expected [PRODUC TS] but found [PRODUCTS]
at TestCases.LoginPageTest.verifyProductTitalTest(LoginPageTest.java:70)
at java.base/java.util.ArrayList.forEach(ArrayList.java:1541)
... Removed 32 stack frames]]>
    </failure>
  </testcase> <!-- verifyProductTitalTest -->
  <testcase classname="TestCases.InventoryPageTest" name="verifylinkdinLogoBtnTest" time="0.0">
    <ignored/>
  </testcase> <!-- verifylinkdinLogoBtnTest -->
  <testcase classname="TestCases.InventoryPageTest" name="verifyfooterLogobtnTest" time="0.0">
    <ignored/>
  </testcase> <!-- verifyfooterLogobtnTest -->
  <testcase classname="TestCases.LoginPageTest" name="loginPageFunctionalityTest" time="0.0">
    <ignored/>
  </testcase> <!-- loginPageFunctionalityTest -->
  <testcase classname="TestCases.LoginPageTest" name="verifyTitalTest" time="0.0">
    <ignored/>
  </testcase> <!-- verifyTitalTest -->
</testsuite> <!-- Test(failed) -->
